<?xml version="1.0" encoding="UTF-8"?>
<!-- Generated by org.testng.reporters.JUnitXMLReporter -->
<testsuite hostname="LAPTOP-LCV9OEAB" ignored="0" name="LoginPage Test" tests="1" failures="1" timestamp="2021-07-18T10:16:09 PDT" time="3.309" errors="0">
  <testcase name="verifyLoginPageTiltleTest" time="0.013" classname="com.qa.proj.tests.LoginPageTest">
    <failure type="java.lang.AssertionError" message="expected [Google] but found [Your Store]">
      <![CDATA[java.lang.AssertionError: expected [Google] but found [Your Store]
at com.qa.proj.tests.LoginPageTest.verifyLoginPageTiltleTest(LoginPageTest.java:17)
at java.util.ArrayList.forEach(ArrayList.java:1257)
... Removed 33 stack frames]]>
    </failure>
  </testcase> <!-- verifyLoginPageTiltleTest -->
</testsuite> <!-- LoginPage Test -->
